2019-06-27 09:51:21,158 : Adding job tentatively -- it will be properly scheduled when the scheduler starts
2019-06-27 09:51:21,159 : Adding job tentatively -- it will be properly scheduled when the scheduler starts
2019-06-27 09:51:21,159 : Adding job tentatively -- it will be properly scheduled when the scheduler starts
2019-06-27 09:51:21,179 : Added job "MyMainWindow.startexe" to job store "default"
2019-06-27 09:51:21,179 : Added job "MyMainWindow.startexe" to job store "default"
2019-06-27 09:51:21,179 : Added job "MyMainWindow.startexe" to job store "default"
2019-06-27 09:51:21,179 : Scheduler started
2019-06-27 09:51:27,725 : Scheduler has been shut down
2019-06-27 09:54:40,947 : Adding job tentatively -- it will be properly scheduled when the scheduler starts
2019-06-27 09:54:40,953 : Adding job tentatively -- it will be properly scheduled when the scheduler starts
2019-06-27 09:54:40,954 : Adding job tentatively -- it will be properly scheduled when the scheduler starts
2019-06-27 09:54:40,973 : Added job "MyMainWindow.startexe" to job store "default"
2019-06-27 09:54:40,973 : Added job "MyMainWindow.startexe" to job store "default"
2019-06-27 09:54:40,973 : Added job "MyMainWindow.startexe" to job store "default"
2019-06-27 09:54:40,973 : Scheduler started
2019-06-27 09:54:42,037 : Scheduler has been shut down
2019-06-27 09:55:59,250 : Adding job tentatively -- it will be properly scheduled when the scheduler starts
2019-06-27 09:55:59,251 : Adding job tentatively -- it will be properly scheduled when the scheduler starts
2019-06-27 09:55:59,251 : Adding job tentatively -- it will be properly scheduled when the scheduler starts
2019-06-27 09:55:59,278 : Added job "MyMainWindow.startexe" to job store "default"
2019-06-27 09:55:59,279 : Added job "MyMainWindow.startexe" to job store "default"
2019-06-27 09:55:59,279 : Added job "MyMainWindow.startexe" to job store "default"
2019-06-27 09:55:59,279 : Scheduler started
2019-06-27 09:56:03,221 : Scheduler has been shut down
2019-06-27 09:56:04,948 : Adding job tentatively -- it will be properly scheduled when the scheduler starts
2019-06-27 09:56:04,949 : Adding job tentatively -- it will be properly scheduled when the scheduler starts
2019-06-27 09:56:04,949 : Adding job tentatively -- it will be properly scheduled when the scheduler starts
2019-06-27 09:56:04,950 : Added job "MyMainWindow.startexe" to job store "default"
2019-06-27 09:56:04,950 : Added job "MyMainWindow.startexe" to job store "default"
2019-06-27 09:56:04,951 : Added job "MyMainWindow.startexe" to job store "default"
2019-06-27 09:56:04,951 : Scheduler started
2019-06-27 09:56:06,334 : Scheduler has been shut down
2019-06-27 10:26:20,756 : Adding job tentatively -- it will be properly scheduled when the scheduler starts
2019-06-27 10:26:20,757 : Adding job tentatively -- it will be properly scheduled when the scheduler starts
2019-06-27 10:26:20,757 : Adding job tentatively -- it will be properly scheduled when the scheduler starts
2019-06-27 10:26:20,784 : Added job "MyMainWindow.startexe" to job store "default"
2019-06-27 10:26:20,784 : Added job "MyMainWindow.startexe" to job store "default"
2019-06-27 10:26:20,784 : Added job "MyMainWindow.startexe" to job store "default"
2019-06-27 10:26:20,784 : Scheduler started
2019-06-27 10:41:06,546 : Adding job tentatively -- it will be properly scheduled when the scheduler starts
2019-06-27 10:41:06,546 : Adding job tentatively -- it will be properly scheduled when the scheduler starts
2019-06-27 10:41:06,546 : Adding job tentatively -- it will be properly scheduled when the scheduler starts
2019-06-27 10:41:06,565 : Added job "MyMainWindow.startexe" to job store "default"
2019-06-27 10:41:06,565 : Added job "MyMainWindow.startexe" to job store "default"
2019-06-27 10:41:06,565 : Added job "MyMainWindow.startexe" to job store "default"
2019-06-27 10:41:06,565 : Scheduler started
2019-06-27 11:25:52,075 : Adding job tentatively -- it will be properly scheduled when the scheduler starts
2019-06-27 11:25:52,076 : Adding job tentatively -- it will be properly scheduled when the scheduler starts
2019-06-27 11:25:52,076 : Adding job tentatively -- it will be properly scheduled when the scheduler starts
2019-06-27 11:25:52,095 : Added job "MyMainWindow.startexe" to job store "default"
2019-06-27 11:25:52,095 : Added job "MyMainWindow.startexe" to job store "default"
2019-06-27 11:25:52,096 : Added job "MyMainWindow.startexe" to job store "default"
2019-06-27 11:25:52,096 : Scheduler started
2019-06-27 11:25:56,136 : Scheduler has been shut down
2019-06-27 11:29:06,545 : Adding job tentatively -- it will be properly scheduled when the scheduler starts
2019-06-27 11:29:06,545 : Adding job tentatively -- it will be properly scheduled when the scheduler starts
2019-06-27 11:29:06,546 : Adding job tentatively -- it will be properly scheduled when the scheduler starts
2019-06-27 11:29:06,563 : Added job "MyMainWindow.startexe" to job store "default"
2019-06-27 11:29:06,564 : Added job "MyMainWindow.startexe" to job store "default"
2019-06-27 11:29:06,564 : Added job "MyMainWindow.startexe" to job store "default"
2019-06-27 11:29:06,564 : Scheduler started
2019-06-27 11:29:36,332 : C:/proxy.pac运行结果为成功
2019-06-27 11:29:49,030 : Adding job tentatively -- it will be properly scheduled when the scheduler starts
2019-06-27 11:29:49,030 : Adding job tentatively -- it will be properly scheduled when the scheduler starts
2019-06-27 11:29:49,031 : Adding job tentatively -- it will be properly scheduled when the scheduler starts
2019-06-27 11:29:49,036 : Adding job tentatively -- it will be properly scheduled when the scheduler starts
2019-06-27 11:29:49,054 : Added job "MyMainWindow.startexe" to job store "default"
2019-06-27 11:29:49,054 : Added job "MyMainWindow.startexe" to job store "default"
2019-06-27 11:29:49,054 : Added job "MyMainWindow.startexe" to job store "default"
2019-06-27 11:29:49,054 : Added job "MyMainWindow.startexe" to job store "default"
2019-06-27 11:29:49,054 : Scheduler started
2019-06-27 11:29:54,617 : C:/proxy.pac运行结果为成功
2019-06-27 11:31:18,381 : Adding job tentatively -- it will be properly scheduled when the scheduler starts
2019-06-27 11:31:18,382 : Adding job tentatively -- it will be properly scheduled when the scheduler starts
2019-06-27 11:31:18,382 : Adding job tentatively -- it will be properly scheduled when the scheduler starts
2019-06-27 11:31:18,385 : Adding job tentatively -- it will be properly scheduled when the scheduler starts
2019-06-27 11:31:18,407 : Added job "MyMainWindow.startexe" to job store "default"
2019-06-27 11:31:18,407 : Added job "MyMainWindow.startexe" to job store "default"
2019-06-27 11:31:18,407 : Added job "MyMainWindow.startexe" to job store "default"
2019-06-27 11:31:18,407 : Added job "MyMainWindow.startexe" to job store "default"
2019-06-27 11:31:18,408 : Scheduler started
2019-06-27 11:31:18,408 : Run time of job "MyMainWindow.startexe (trigger: date[2019-06-27 11:30:06 CST], next run at: 2019-06-27 11:30:06 CST)" was missed by 0:01:12.408908
2019-06-27 11:31:18,409 : Removed job 7b707ac088e44196850b3f3f2b9f914b
2019-06-27 11:31:21,512 : C:/proxy.pac运行结果为成功
2019-06-27 11:31:54,917 : Adding job tentatively -- it will be properly scheduled when the scheduler starts
2019-06-27 11:31:54,918 : Adding job tentatively -- it will be properly scheduled when the scheduler starts
2019-06-27 11:31:54,920 : Adding job tentatively -- it will be properly scheduled when the scheduler starts
2019-06-27 11:31:54,923 : Adding job tentatively -- it will be properly scheduled when the scheduler starts
2019-06-27 11:31:54,947 : Added job "MyMainWindow.startexe" to job store "default"
2019-06-27 11:31:54,948 : Added job "MyMainWindow.startexe" to job store "default"
2019-06-27 11:31:54,948 : Added job "MyMainWindow.startexe" to job store "default"
2019-06-27 11:31:54,948 : Added job "MyMainWindow.startexe" to job store "default"
2019-06-27 11:31:54,948 : Scheduler started
2019-06-27 11:31:54,950 : Run time of job "MyMainWindow.startexe (trigger: date[2019-06-27 11:30:06 CST], next run at: 2019-06-27 11:30:06 CST)" was missed by 0:01:48.950057
2019-06-27 11:31:54,950 : Removed job 05ecd9f704c74ac4a54c5ed5f9fe2227
2019-06-27 11:31:56,878 : C:/proxy.pac运行结果为成功
2019-06-27 11:32:00,310 : Scheduler has been shut down
2019-06-27 11:32:01,941 : Adding job tentatively -- it will be properly scheduled when the scheduler starts
2019-06-27 11:32:01,941 : Adding job tentatively -- it will be properly scheduled when the scheduler starts
2019-06-27 11:32:01,941 : Adding job tentatively -- it will be properly scheduled when the scheduler starts
2019-06-27 11:32:01,942 : Adding job tentatively -- it will be properly scheduled when the scheduler starts
2019-06-27 11:32:01,942 : Added job "MyMainWindow.startexe" to job store "default"
2019-06-27 11:32:01,943 : Added job "MyMainWindow.startexe" to job store "default"
2019-06-27 11:32:01,943 : Added job "MyMainWindow.startexe" to job store "default"
2019-06-27 11:32:01,943 : Added job "MyMainWindow.startexe" to job store "default"
2019-06-27 11:32:01,943 : Scheduler started
2019-06-27 11:32:01,944 : Run time of job "MyMainWindow.startexe (trigger: date[2019-06-27 11:30:06 CST], next run at: 2019-06-27 11:30:06 CST)" was missed by 0:01:55.944742
2019-06-27 11:32:01,944 : Removed job 16136c94be034ea8b0fec0e58e775523
2019-06-27 11:33:52,618 : Adding job tentatively -- it will be properly scheduled when the scheduler starts
2019-06-27 11:33:52,619 : Adding job tentatively -- it will be properly scheduled when the scheduler starts
2019-06-27 11:33:52,619 : Adding job tentatively -- it will be properly scheduled when the scheduler starts
2019-06-27 11:33:52,622 : Adding job tentatively -- it will be properly scheduled when the scheduler starts
2019-06-27 11:33:52,639 : Added job "MyMainWindow.startexe" to job store "default"
2019-06-27 11:33:52,639 : Added job "MyMainWindow.startexe" to job store "default"
2019-06-27 11:33:52,640 : Added job "MyMainWindow.startexe" to job store "default"
2019-06-27 11:33:52,640 : Added job "MyMainWindow.startexe" to job store "default"
2019-06-27 11:33:52,640 : Scheduler started
2019-06-27 11:33:52,641 : Run time of job "MyMainWindow.startexe (trigger: date[2019-06-27 11:30:06 CST], next run at: 2019-06-27 11:30:06 CST)" was missed by 0:03:46.641966
2019-06-27 11:33:52,641 : Removed job b9a30459597d4f5eb77454edffd054e9
2019-06-27 11:33:55,081 : C:/proxy.pac运行结果为成功
2019-06-27 11:34:03,888 : Scheduler has been shut down
2019-06-27 11:35:13,071 : Adding job tentatively -- it will be properly scheduled when the scheduler starts
2019-06-27 11:35:13,072 : Adding job tentatively -- it will be properly scheduled when the scheduler starts
2019-06-27 11:35:13,074 : Adding job tentatively -- it will be properly scheduled when the scheduler starts
2019-06-27 11:35:13,079 : Adding job tentatively -- it will be properly scheduled when the scheduler starts
2019-06-27 11:35:13,102 : Added job "MyMainWindow.startexe" to job store "default"
2019-06-27 11:35:13,102 : Added job "MyMainWindow.startexe" to job store "default"
2019-06-27 11:35:13,103 : Added job "MyMainWindow.startexe" to job store "default"
2019-06-27 11:35:13,103 : Added job "MyMainWindow.startexe" to job store "default"
2019-06-27 11:35:13,103 : Scheduler started
2019-06-27 11:35:13,104 : Run time of job "MyMainWindow.startexe (trigger: date[2019-06-27 11:30:06 CST], next run at: 2019-06-27 11:30:06 CST)" was missed by 0:05:07.104747
2019-06-27 11:35:13,105 : Removed job a4966bfaae9848e4a4a0ec93507a058d
2019-06-27 11:37:23,999 : Adding job tentatively -- it will be properly scheduled when the scheduler starts
2019-06-27 11:37:24,000 : Adding job tentatively -- it will be properly scheduled when the scheduler starts
2019-06-27 11:37:24,000 : Adding job tentatively -- it will be properly scheduled when the scheduler starts
2019-06-27 11:37:24,004 : Adding job tentatively -- it will be properly scheduled when the scheduler starts
2019-06-27 11:37:24,024 : Added job "MyMainWindow.startexe" to job store "default"
2019-06-27 11:37:24,024 : Added job "MyMainWindow.startexe" to job store "default"
2019-06-27 11:37:24,025 : Added job "MyMainWindow.startexe" to job store "default"
2019-06-27 11:37:24,025 : Added job "MyMainWindow.startexe" to job store "default"
2019-06-27 11:37:24,025 : Scheduler started
2019-06-27 11:37:24,026 : Run time of job "MyMainWindow.startexe (trigger: date[2019-06-27 11:30:06 CST], next run at: 2019-06-27 11:30:06 CST)" was missed by 0:07:18.026606
2019-06-27 11:37:24,026 : Removed job f6b3cd2f1e6e4f2f8f15af2ebc675232
2019-06-27 11:37:48,390 : Adding job tentatively -- it will be properly scheduled when the scheduler starts
2019-06-27 11:37:48,391 : Adding job tentatively -- it will be properly scheduled when the scheduler starts
2019-06-27 11:37:48,391 : Adding job tentatively -- it will be properly scheduled when the scheduler starts
2019-06-27 11:37:48,395 : Adding job tentatively -- it will be properly scheduled when the scheduler starts
2019-06-27 11:37:48,413 : Added job "MyMainWindow.startexe" to job store "default"
2019-06-27 11:37:48,413 : Added job "MyMainWindow.startexe" to job store "default"
2019-06-27 11:37:48,413 : Added job "MyMainWindow.startexe" to job store "default"
2019-06-27 11:37:48,413 : Added job "MyMainWindow.startexe" to job store "default"
2019-06-27 11:37:48,413 : Scheduler started
2019-06-27 11:37:48,415 : Run time of job "MyMainWindow.startexe (trigger: date[2019-06-27 11:30:06 CST], next run at: 2019-06-27 11:30:06 CST)" was missed by 0:07:42.414931
2019-06-27 11:37:48,415 : Removed job d0554737e73548a5be348eae2aa81f3c
2019-06-27 11:38:05,182 : C:/proxy.pac运行结果为成功
2019-06-27 11:38:10,387 : Scheduler has been shut down
2019-06-27 11:38:29,715 : Adding job tentatively -- it will be properly scheduled when the scheduler starts
2019-06-27 11:38:29,717 : Adding job tentatively -- it will be properly scheduled when the scheduler starts
2019-06-27 11:38:29,718 : Adding job tentatively -- it will be properly scheduled when the scheduler starts
2019-06-27 11:38:29,721 : Adding job tentatively -- it will be properly scheduled when the scheduler starts
2019-06-27 11:38:29,743 : Added job "MyMainWindow.startexe" to job store "default"
2019-06-27 11:38:29,743 : Added job "MyMainWindow.startexe" to job store "default"
2019-06-27 11:38:29,743 : Added job "MyMainWindow.startexe" to job store "default"
2019-06-27 11:38:29,744 : Added job "MyMainWindow.startexe" to job store "default"
2019-06-27 11:38:29,744 : Scheduler started
2019-06-27 11:38:29,745 : Run time of job "MyMainWindow.startexe (trigger: date[2019-06-27 11:37:47 CST], next run at: 2019-06-27 11:37:47 CST)" was missed by 0:00:42.745121
2019-06-27 11:38:29,745 : Removed job 70dbbca596f3425e8cea0bd3df2285ec
2019-06-27 11:39:22,766 : Adding job tentatively -- it will be properly scheduled when the scheduler starts
2019-06-27 11:39:22,767 : Adding job tentatively -- it will be properly scheduled when the scheduler starts
2019-06-27 11:39:22,769 : Adding job tentatively -- it will be properly scheduled when the scheduler starts
2019-06-27 11:39:22,793 : Added job "MyMainWindow.startexe" to job store "default"
2019-06-27 11:39:22,793 : Added job "MyMainWindow.startexe" to job store "default"
2019-06-27 11:39:22,793 : Added job "MyMainWindow.startexe" to job store "default"
2019-06-27 11:39:22,793 : Scheduler started
2019-06-27 11:39:31,313 : C:/proxy.pac运行结果为成功
2019-06-27 11:39:34,765 : Scheduler has been shut down
2019-06-27 11:40:30,133 : Adding job tentatively -- it will be properly scheduled when the scheduler starts
2019-06-27 11:40:30,133 : Adding job tentatively -- it will be properly scheduled when the scheduler starts
2019-06-27 11:40:30,133 : Adding job tentatively -- it will be properly scheduled when the scheduler starts
2019-06-27 11:40:30,136 : Adding job tentatively -- it will be properly scheduled when the scheduler starts
2019-06-27 11:40:30,154 : Added job "MyMainWindow.startexe" to job store "default"
2019-06-27 11:40:30,154 : Added job "MyMainWindow.startexe" to job store "default"
2019-06-27 11:40:30,154 : Added job "MyMainWindow.startexe" to job store "default"
2019-06-27 11:40:30,154 : Added job "MyMainWindow.startexe" to job store "default"
2019-06-27 11:40:30,154 : Scheduler started
2019-06-27 11:40:30,155 : Run time of job "MyMainWindow.startexe (trigger: date[2019-06-27 11:39:22 CST], next run at: 2019-06-27 11:39:22 CST)" was missed by 0:01:08.155401
2019-06-27 11:40:30,156 : Removed job bc61a2157fda452298a2ac3e6e9669e4
2019-06-27 13:01:31,537 : Adding job tentatively -- it will be properly scheduled when the scheduler starts
2019-06-27 13:01:31,537 : Adding job tentatively -- it will be properly scheduled when the scheduler starts
2019-06-27 13:01:31,538 : Adding job tentatively -- it will be properly scheduled when the scheduler starts
2019-06-27 13:01:31,540 : Adding job tentatively -- it will be properly scheduled when the scheduler starts
2019-06-27 13:01:31,562 : Added job "MyMainWindow.startexe" to job store "default"
2019-06-27 13:01:31,563 : Added job "MyMainWindow.startexe" to job store "default"
2019-06-27 13:01:31,563 : Added job "MyMainWindow.startexe" to job store "default"
2019-06-27 13:01:31,563 : Added job "MyMainWindow.startexe" to job store "default"
2019-06-27 13:01:31,563 : Scheduler started
2019-06-27 13:01:31,564 : Run time of job "MyMainWindow.startexe (trigger: date[2019-06-27 11:39:22 CST], next run at: 2019-06-27 11:39:22 CST)" was missed by 1:22:09.564683
2019-06-27 13:01:31,564 : Removed job 7d0e58094997454782107725a087127f
2019-06-27 13:01:37,494 : Scheduler has been shut down
2019-06-27 13:01:49,014 : Adding job tentatively -- it will be properly scheduled when the scheduler starts
2019-06-27 13:01:49,015 : Adding job tentatively -- it will be properly scheduled when the scheduler starts
2019-06-27 13:01:49,015 : Adding job tentatively -- it will be properly scheduled when the scheduler starts
2019-06-27 13:01:49,033 : Added job "MyMainWindow.startexe" to job store "default"
2019-06-27 13:01:49,033 : Added job "MyMainWindow.startexe" to job store "default"
2019-06-27 13:01:49,034 : Added job "MyMainWindow.startexe" to job store "default"
2019-06-27 13:01:49,034 : Scheduler started
2019-06-27 13:02:00,919 : C:/proxy.pac运行结果为成功
2019-06-27 13:02:56,094 : Adding job tentatively -- it will be properly scheduled when the scheduler starts
2019-06-27 13:02:56,095 : Adding job tentatively -- it will be properly scheduled when the scheduler starts
2019-06-27 13:02:56,095 : Adding job tentatively -- it will be properly scheduled when the scheduler starts
2019-06-27 13:02:56,098 : Adding job tentatively -- it will be properly scheduled when the scheduler starts
2019-06-27 13:02:56,116 : Added job "MyMainWindow.startexe" to job store "default"
2019-06-27 13:02:56,117 : Added job "MyMainWindow.startexe" to job store "default"
2019-06-27 13:02:56,117 : Added job "MyMainWindow.startexe" to job store "default"
2019-06-27 13:02:56,117 : Added job "MyMainWindow.startexe" to job store "default"
2019-06-27 13:02:56,117 : Scheduler started
2019-06-27 13:02:56,118 : Run time of job "MyMainWindow.startexe (trigger: date[2019-06-27 13:01:48 CST], next run at: 2019-06-27 13:01:48 CST)" was missed by 0:01:08.118062
2019-06-27 13:02:56,119 : Removed job 3108790d090b4514a467bd95fa27e2c2
2019-06-27 13:03:02,809 : Scheduler has been shut down
2019-06-27 13:03:23,858 : C:/proxy.pac运行结果为成功
2019-06-27 13:03:43,166 : Adding job tentatively -- it will be properly scheduled when the scheduler starts
2019-06-27 13:03:43,167 : Adding job tentatively -- it will be properly scheduled when the scheduler starts
2019-06-27 13:03:43,168 : Adding job tentatively -- it will be properly scheduled when the scheduler starts
2019-06-27 13:03:43,171 : Adding job tentatively -- it will be properly scheduled when the scheduler starts
2019-06-27 13:03:43,194 : Added job "MyMainWindow.startexe" to job store "default"
2019-06-27 13:03:43,195 : Added job "MyMainWindow.startexe" to job store "default"
2019-06-27 13:03:43,195 : Added job "MyMainWindow.startexe" to job store "default"
2019-06-27 13:03:43,195 : Added job "MyMainWindow.startexe" to job store "default"
2019-06-27 13:03:43,195 : Scheduler started
2019-06-27 13:03:43,196 : Run time of job "MyMainWindow.startexe (trigger: date[2019-06-27 13:02:55 CST], next run at: 2019-06-27 13:02:55 CST)" was missed by 0:00:48.196473
2019-06-27 13:03:43,197 : Removed job 406aa9f4cafb40d097685064fd4a0007
2019-06-27 13:03:44,575 : Scheduler has been shut down
2019-06-27 13:03:59,115 : C:/proxy.pac运行结果为成功
2019-06-27 13:05:08,889 : Adding job tentatively -- it will be properly scheduled when the scheduler starts
2019-06-27 13:05:08,889 : Adding job tentatively -- it will be properly scheduled when the scheduler starts
2019-06-27 13:05:08,890 : Adding job tentatively -- it will be properly scheduled when the scheduler starts
2019-06-27 13:05:08,892 : Adding job tentatively -- it will be properly scheduled when the scheduler starts
2019-06-27 13:05:08,911 : Added job "MyMainWindow.startexe" to job store "default"
2019-06-27 13:05:08,911 : Added job "MyMainWindow.startexe" to job store "default"
2019-06-27 13:05:08,911 : Added job "MyMainWindow.startexe" to job store "default"
2019-06-27 13:05:08,912 : Added job "MyMainWindow.startexe" to job store "default"
2019-06-27 13:05:08,912 : Scheduler started
2019-06-27 13:05:08,913 : Run time of job "MyMainWindow.startexe (trigger: date[2019-06-27 13:03:42 CST], next run at: 2019-06-27 13:03:42 CST)" was missed by 0:01:26.913198
2019-06-27 13:05:08,913 : Removed job 1f6693b467bf47fb855cfe1538493574
2019-06-27 13:05:20,017 : C:/proxy.pac运行结果为成功
2019-06-27 13:06:27,491 : Adding job tentatively -- it will be properly scheduled when the scheduler starts
2019-06-27 13:06:27,492 : Adding job tentatively -- it will be properly scheduled when the scheduler starts
2019-06-27 13:06:27,492 : Adding job tentatively -- it will be properly scheduled when the scheduler starts
2019-06-27 13:06:27,495 : Adding job tentatively -- it will be properly scheduled when the scheduler starts
2019-06-27 13:06:27,515 : Added job "MyMainWindow.startexe" to job store "default"
2019-06-27 13:06:27,515 : Added job "MyMainWindow.startexe" to job store "default"
2019-06-27 13:06:27,515 : Added job "MyMainWindow.startexe" to job store "default"
2019-06-27 13:06:27,515 : Added job "MyMainWindow.startexe" to job store "default"
2019-06-27 13:06:27,515 : Scheduler started
2019-06-27 13:06:27,516 : Run time of job "MyMainWindow.startexe (trigger: date[2019-06-27 13:05:08 CST], next run at: 2019-06-27 13:05:08 CST)" was missed by 0:01:19.516857
2019-06-27 13:06:27,516 : Removed job 0612837390274e12bd549c47badff3e8
2019-06-27 13:06:39,442 : C:/proxy.pac运行结果为成功
2019-06-27 13:07:33,530 : Adding job tentatively -- it will be properly scheduled when the scheduler starts
2019-06-27 13:07:33,530 : Adding job tentatively -- it will be properly scheduled when the scheduler starts
2019-06-27 13:07:33,531 : Adding job tentatively -- it will be properly scheduled when the scheduler starts
2019-06-27 13:07:33,534 : Adding job tentatively -- it will be properly scheduled when the scheduler starts
2019-06-27 13:07:33,552 : Added job "MyMainWindow.startexe" to job store "default"
2019-06-27 13:07:33,552 : Added job "MyMainWindow.startexe" to job store "default"
2019-06-27 13:07:33,552 : Added job "MyMainWindow.startexe" to job store "default"
2019-06-27 13:07:33,552 : Added job "MyMainWindow.startexe" to job store "default"
2019-06-27 13:07:33,552 : Scheduler started
2019-06-27 13:07:33,553 : Run time of job "MyMainWindow.startexe (trigger: date[2019-06-27 13:06:27 CST], next run at: 2019-06-27 13:06:27 CST)" was missed by 0:01:06.553068
2019-06-27 13:07:33,554 : Removed job 752c560f41e04026bd21d38b2efaa8c9
2019-06-27 13:07:47,271 : C:/proxy.pac运行结果为成功
2019-06-27 13:09:33,378 : Adding job tentatively -- it will be properly scheduled when the scheduler starts
2019-06-27 13:09:33,379 : Adding job tentatively -- it will be properly scheduled when the scheduler starts
2019-06-27 13:09:33,379 : Adding job tentatively -- it will be properly scheduled when the scheduler starts
2019-06-27 13:09:33,383 : Adding job tentatively -- it will be properly scheduled when the scheduler starts
2019-06-27 13:09:33,409 : Added job "MyMainWindow.startexe" to job store "default"
2019-06-27 13:09:33,410 : Added job "MyMainWindow.startexe" to job store "default"
2019-06-27 13:09:33,411 : Added job "MyMainWindow.startexe" to job store "default"
2019-06-27 13:09:33,411 : Added job "MyMainWindow.startexe" to job store "default"
2019-06-27 13:09:33,411 : Scheduler started
2019-06-27 13:09:33,412 : Run time of job "MyMainWindow.startexe (trigger: date[2019-06-27 13:07:33 CST], next run at: 2019-06-27 13:07:33 CST)" was missed by 0:02:00.412324
2019-06-27 13:09:33,412 : Removed job 94768b158a0a42669f3ce98a238bd677
2019-06-27 13:09:43,124 : C:/proxy.pac运行结果为成功
2019-06-27 13:09:59,483 : Adding job tentatively -- it will be properly scheduled when the scheduler starts
2019-06-27 13:09:59,484 : Adding job tentatively -- it will be properly scheduled when the scheduler starts
2019-06-27 13:09:59,484 : Adding job tentatively -- it will be properly scheduled when the scheduler starts
2019-06-27 13:09:59,487 : Adding job tentatively -- it will be properly scheduled when the scheduler starts
2019-06-27 13:09:59,506 : Added job "MyMainWindow.startexe" to job store "default"
2019-06-27 13:09:59,506 : Added job "MyMainWindow.startexe" to job store "default"
2019-06-27 13:09:59,507 : Added job "MyMainWindow.startexe" to job store "default"
2019-06-27 13:09:59,507 : Added job "MyMainWindow.startexe" to job store "default"
2019-06-27 13:09:59,507 : Scheduler started
2019-06-27 13:09:59,509 : Run time of job "MyMainWindow.startexe (trigger: date[2019-06-27 13:09:32 CST], next run at: 2019-06-27 13:09:32 CST)" was missed by 0:00:27.509045
2019-06-27 13:09:59,509 : Removed job 42dab01b44884fe6a15b2aa68b162e67
2019-06-27 13:10:01,569 : C:/proxy.pac运行结果为成功
2019-06-27 13:13:47,676 : Adding job tentatively -- it will be properly scheduled when the scheduler starts
2019-06-27 13:13:47,677 : Adding job tentatively -- it will be properly scheduled when the scheduler starts
2019-06-27 13:13:47,677 : Adding job tentatively -- it will be properly scheduled when the scheduler starts
2019-06-27 13:13:47,696 : Added job "MyMainWindow.startexe" to job store "default"
2019-06-27 13:13:47,696 : Added job "MyMainWindow.startexe" to job store "default"
2019-06-27 13:13:47,696 : Added job "MyMainWindow.startexe" to job store "default"
2019-06-27 13:13:47,696 : Scheduler started
2019-06-27 13:26:35,240 : Adding job tentatively -- it will be properly scheduled when the scheduler starts
2019-06-27 13:26:35,240 : Adding job tentatively -- it will be properly scheduled when the scheduler starts
2019-06-27 13:26:35,241 : Adding job tentatively -- it will be properly scheduled when the scheduler starts
2019-06-27 13:26:35,259 : Added job "MyMainWindow.startexe" to job store "default"
2019-06-27 13:26:35,260 : Added job "MyMainWindow.startexe" to job store "default"
2019-06-27 13:26:35,260 : Added job "MyMainWindow.startexe" to job store "default"
2019-06-27 13:26:35,260 : Scheduler started
2019-06-27 13:27:48,335 : Adding job tentatively -- it will be properly scheduled when the scheduler starts
2019-06-27 13:27:48,336 : Adding job tentatively -- it will be properly scheduled when the scheduler starts
2019-06-27 13:27:48,336 : Adding job tentatively -- it will be properly scheduled when the scheduler starts
2019-06-27 13:27:48,354 : Added job "MyMainWindow.startexe" to job store "default"
2019-06-27 13:27:48,354 : Added job "MyMainWindow.startexe" to job store "default"
2019-06-27 13:27:48,355 : Added job "MyMainWindow.startexe" to job store "default"
2019-06-27 13:27:48,355 : Scheduler started
2019-06-27 14:00:40,614 : Adding job tentatively -- it will be properly scheduled when the scheduler starts
2019-06-27 14:00:40,615 : Adding job tentatively -- it will be properly scheduled when the scheduler starts
2019-06-27 14:00:40,615 : Adding job tentatively -- it will be properly scheduled when the scheduler starts
2019-06-27 14:00:40,633 : Added job "MyMainWindow.startexe" to job store "default"
2019-06-27 14:00:40,633 : Added job "MyMainWindow.startexe" to job store "default"
2019-06-27 14:00:40,633 : Added job "MyMainWindow.startexe" to job store "default"
2019-06-27 14:00:40,633 : Scheduler started
2019-06-27 14:00:48,309 : Scheduler has been shut down
2019-06-27 14:26:44,101 : Adding job tentatively -- it will be properly scheduled when the scheduler starts
2019-06-27 14:26:44,102 : Adding job tentatively -- it will be properly scheduled when the scheduler starts
2019-06-27 14:26:44,103 : Adding job tentatively -- it will be properly scheduled when the scheduler starts
2019-06-27 14:26:44,125 : Added job "MyMainWindow.startexe" to job store "default"
2019-06-27 14:26:44,126 : Added job "MyMainWindow.startexe" to job store "default"
2019-06-27 14:26:44,126 : Added job "MyMainWindow.startexe" to job store "default"
2019-06-27 14:26:44,126 : Scheduler started
2019-06-27 14:26:46,899 : Scheduler has been shut down
2019-06-27 15:32:15,759 : Adding job tentatively -- it will be properly scheduled when the scheduler starts
2019-06-27 15:32:15,761 : Adding job tentatively -- it will be properly scheduled when the scheduler starts
2019-06-27 15:32:15,761 : Adding job tentatively -- it will be properly scheduled when the scheduler starts
2019-06-27 15:32:15,855 : Added job "MyMainWindow.startexe" to job store "default"
2019-06-27 15:32:15,855 : Added job "MyMainWindow.startexe" to job store "default"
2019-06-27 15:32:15,855 : Added job "MyMainWindow.startexe" to job store "default"
2019-06-27 15:32:15,855 : Scheduler started
2019-06-27 15:32:17,901 : Scheduler has been shut down
2019-06-27 15:47:40,334 : Adding job tentatively -- it will be properly scheduled when the scheduler starts
2019-06-27 15:47:40,334 : Adding job tentatively -- it will be properly scheduled when the scheduler starts
2019-06-27 15:47:40,335 : Adding job tentatively -- it will be properly scheduled when the scheduler starts
2019-06-27 15:47:40,355 : Added job "MyMainWindow.startexe" to job store "default"
2019-06-27 15:47:40,356 : Added job "MyMainWindow.startexe" to job store "default"
2019-06-27 15:47:40,356 : Added job "MyMainWindow.startexe" to job store "default"
2019-06-27 15:47:40,356 : Scheduler started
2019-06-27 15:49:26,206 : Adding job tentatively -- it will be properly scheduled when the scheduler starts
2019-06-27 15:49:26,207 : Adding job tentatively -- it will be properly scheduled when the scheduler starts
2019-06-27 15:49:26,207 : Adding job tentatively -- it will be properly scheduled when the scheduler starts
2019-06-27 15:49:26,229 : Added job "MyMainWindow.startexe" to job store "default"
2019-06-27 15:49:26,229 : Added job "MyMainWindow.startexe" to job store "default"
2019-06-27 15:49:26,229 : Added job "MyMainWindow.startexe" to job store "default"
2019-06-27 15:49:26,229 : Scheduler started
2019-06-27 15:50:02,507 : Adding job tentatively -- it will be properly scheduled when the scheduler starts
2019-06-27 15:50:02,508 : Adding job tentatively -- it will be properly scheduled when the scheduler starts
2019-06-27 15:50:02,509 : Adding job tentatively -- it will be properly scheduled when the scheduler starts
2019-06-27 15:50:02,538 : Added job "MyMainWindow.startexe" to job store "default"
2019-06-27 15:50:02,538 : Added job "MyMainWindow.startexe" to job store "default"
2019-06-27 15:50:02,538 : Added job "MyMainWindow.startexe" to job store "default"
2019-06-27 15:50:02,538 : Scheduler started
2019-06-27 15:50:03,639 : Scheduler has been shut down
2019-06-27 15:50:28,525 : Adding job tentatively -- it will be properly scheduled when the scheduler starts
2019-06-27 15:50:28,526 : Adding job tentatively -- it will be properly scheduled when the scheduler starts
2019-06-27 15:50:28,526 : Adding job tentatively -- it will be properly scheduled when the scheduler starts
2019-06-27 15:50:28,547 : Added job "MyMainWindow.startexe" to job store "default"
2019-06-27 15:50:28,547 : Added job "MyMainWindow.startexe" to job store "default"
2019-06-27 15:50:28,548 : Added job "MyMainWindow.startexe" to job store "default"
2019-06-27 15:50:28,548 : Scheduler started
2019-06-27 15:53:51,897 : Adding job tentatively -- it will be properly scheduled when the scheduler starts
2019-06-27 15:53:51,899 : Adding job tentatively -- it will be properly scheduled when the scheduler starts
2019-06-27 15:53:51,900 : Adding job tentatively -- it will be properly scheduled when the scheduler starts
2019-06-27 15:53:51,924 : Added job "MyMainWindow.startexe" to job store "default"
2019-06-27 15:53:51,924 : Added job "MyMainWindow.startexe" to job store "default"
2019-06-27 15:53:51,924 : Added job "MyMainWindow.startexe" to job store "default"
2019-06-27 15:53:51,924 : Scheduler started
2019-06-27 15:54:57,494 : Adding job tentatively -- it will be properly scheduled when the scheduler starts
2019-06-27 15:54:57,495 : Adding job tentatively -- it will be properly scheduled when the scheduler starts
2019-06-27 15:54:57,495 : Adding job tentatively -- it will be properly scheduled when the scheduler starts
2019-06-27 15:54:57,516 : Added job "MyMainWindow.startexe" to job store "default"
2019-06-27 15:54:57,516 : Added job "MyMainWindow.startexe" to job store "default"
2019-06-27 15:54:57,516 : Added job "MyMainWindow.startexe" to job store "default"
2019-06-27 15:54:57,516 : Scheduler started
2019-06-27 15:54:58,512 : Scheduler has been shut down
2019-06-27 15:55:26,533 : Adding job tentatively -- it will be properly scheduled when the scheduler starts
2019-06-27 15:55:26,534 : Adding job tentatively -- it will be properly scheduled when the scheduler starts
2019-06-27 15:55:26,534 : Adding job tentatively -- it will be properly scheduled when the scheduler starts
2019-06-27 15:55:26,551 : Added job "MyMainWindow.startexe" to job store "default"
2019-06-27 15:55:26,552 : Added job "MyMainWindow.startexe" to job store "default"
2019-06-27 15:55:26,552 : Added job "MyMainWindow.startexe" to job store "default"
2019-06-27 15:55:26,552 : Scheduler started
2019-06-27 15:56:55,982 : Adding job tentatively -- it will be properly scheduled when the scheduler starts
2019-06-27 15:56:55,983 : Adding job tentatively -- it will be properly scheduled when the scheduler starts
2019-06-27 15:56:55,983 : Adding job tentatively -- it will be properly scheduled when the scheduler starts
2019-06-27 15:56:56,002 : Added job "MyMainWindow.startexe" to job store "default"
2019-06-27 15:56:56,002 : Added job "MyMainWindow.startexe" to job store "default"
2019-06-27 15:56:56,003 : Added job "MyMainWindow.startexe" to job store "default"
2019-06-27 15:56:56,004 : Scheduler started
2019-06-27 15:57:09,927 : Scheduler has been shut down
2019-06-27 15:58:54,703 : Adding job tentatively -- it will be properly scheduled when the scheduler starts
2019-06-27 15:58:54,704 : Adding job tentatively -- it will be properly scheduled when the scheduler starts
2019-06-27 15:58:54,704 : Adding job tentatively -- it will be properly scheduled when the scheduler starts
2019-06-27 15:58:54,738 : Added job "MyMainWindow.startexe" to job store "default"
2019-06-27 15:58:54,738 : Added job "MyMainWindow.startexe" to job store "default"
2019-06-27 15:58:54,738 : Added job "MyMainWindow.startexe" to job store "default"
2019-06-27 15:58:54,738 : Scheduler started
2019-06-27 15:58:55,949 : Scheduler has been shut down
2019-06-27 15:59:43,825 : Adding job tentatively -- it will be properly scheduled when the scheduler starts
2019-06-27 15:59:43,826 : Adding job tentatively -- it will be properly scheduled when the scheduler starts
2019-06-27 15:59:43,826 : Adding job tentatively -- it will be properly scheduled when the scheduler starts
2019-06-27 15:59:43,846 : Added job "MyMainWindow.startexe" to job store "default"
2019-06-27 15:59:43,847 : Added job "MyMainWindow.startexe" to job store "default"
2019-06-27 15:59:43,847 : Added job "MyMainWindow.startexe" to job store "default"
2019-06-27 15:59:43,847 : Scheduler started
2019-06-27 16:00:35,710 : Adding job tentatively -- it will be properly scheduled when the scheduler starts
2019-06-27 16:00:35,710 : Adding job tentatively -- it will be properly scheduled when the scheduler starts
2019-06-27 16:00:35,711 : Adding job tentatively -- it will be properly scheduled when the scheduler starts
2019-06-27 16:00:35,731 : Added job "MyMainWindow.startexe" to job store "default"
2019-06-27 16:00:35,732 : Added job "MyMainWindow.startexe" to job store "default"
2019-06-27 16:00:35,732 : Added job "MyMainWindow.startexe" to job store "default"
2019-06-27 16:00:35,732 : Scheduler started
2019-06-27 16:00:45,831 : Scheduler has been shut down
2019-06-27 16:02:09,834 : Adding job tentatively -- it will be properly scheduled when the scheduler starts
2019-06-27 16:02:09,835 : Adding job tentatively -- it will be properly scheduled when the scheduler starts
2019-06-27 16:02:09,835 : Adding job tentatively -- it will be properly scheduled when the scheduler starts
2019-06-27 16:02:09,860 : Added job "MyMainWindow.startexe" to job store "default"
2019-06-27 16:02:09,861 : Added job "MyMainWindow.startexe" to job store "default"
2019-06-27 16:02:09,861 : Added job "MyMainWindow.startexe" to job store "default"
2019-06-27 16:02:09,861 : Scheduler started
2019-06-27 16:02:18,609 : Adding job tentatively -- it will be properly scheduled when the scheduler starts
2019-06-27 16:02:18,610 : Adding job tentatively -- it will be properly scheduled when the scheduler starts
2019-06-27 16:02:18,610 : Adding job tentatively -- it will be properly scheduled when the scheduler starts
2019-06-27 16:02:18,632 : Added job "MyMainWindow.startexe" to job store "default"
2019-06-27 16:02:18,633 : Added job "MyMainWindow.startexe" to job store "default"
2019-06-27 16:02:18,633 : Added job "MyMainWindow.startexe" to job store "default"
2019-06-27 16:02:18,633 : Scheduler started
2019-06-27 16:17:35,703 : Adding job tentatively -- it will be properly scheduled when the scheduler starts
2019-06-27 16:17:35,704 : Adding job tentatively -- it will be properly scheduled when the scheduler starts
2019-06-27 16:17:35,705 : Adding job tentatively -- it will be properly scheduled when the scheduler starts
2019-06-27 16:17:35,737 : Added job "MyMainWindow.startexe" to job store "default"
2019-06-27 16:17:35,737 : Added job "MyMainWindow.startexe" to job store "default"
2019-06-27 16:17:35,737 : Added job "MyMainWindow.startexe" to job store "default"
2019-06-27 16:17:35,737 : Scheduler started
2019-06-27 16:17:38,897 : Scheduler has been shut down
2019-06-27 16:29:03,027 : Adding job tentatively -- it will be properly scheduled when the scheduler starts
2019-06-27 16:29:03,027 : Adding job tentatively -- it will be properly scheduled when the scheduler starts
2019-06-27 16:29:03,028 : Adding job tentatively -- it will be properly scheduled when the scheduler starts
2019-06-27 16:29:03,048 : Added job "MyMainWindow.startexe" to job store "default"
2019-06-27 16:29:03,048 : Added job "MyMainWindow.startexe" to job store "default"
2019-06-27 16:29:03,048 : Added job "MyMainWindow.startexe" to job store "default"
2019-06-27 16:29:03,048 : Scheduler started
2019-06-27 16:29:04,289 : Scheduler has been shut down
2019-06-27 16:40:06,594 : Adding job tentatively -- it will be properly scheduled when the scheduler starts
2019-06-27 16:40:06,595 : Adding job tentatively -- it will be properly scheduled when the scheduler starts
2019-06-27 16:40:06,595 : Adding job tentatively -- it will be properly scheduled when the scheduler starts
2019-06-27 16:40:06,616 : Added job "MyMainWindow.startexe" to job store "default"
2019-06-27 16:40:06,617 : Added job "MyMainWindow.startexe" to job store "default"
2019-06-27 16:40:06,617 : Added job "MyMainWindow.startexe" to job store "default"
2019-06-27 16:40:06,617 : Scheduler started
2019-06-27 16:40:07,746 : Scheduler has been shut down
2019-06-27 16:54:05,554 : Adding job tentatively -- it will be properly scheduled when the scheduler starts
2019-06-27 16:54:05,555 : Adding job tentatively -- it will be properly scheduled when the scheduler starts
2019-06-27 16:54:05,555 : Adding job tentatively -- it will be properly scheduled when the scheduler starts
2019-06-27 16:54:05,576 : Added job "MyMainWindow.startexe" to job store "default"
2019-06-27 16:54:05,576 : Added job "MyMainWindow.startexe" to job store "default"
2019-06-27 16:54:05,576 : Added job "MyMainWindow.startexe" to job store "default"
2019-06-27 16:54:05,577 : Scheduler started
2019-06-27 16:54:07,690 : Scheduler has been shut down
2019-08-17 18:05:26,611 : Adding job tentatively -- it will be properly scheduled when the scheduler starts
2019-08-17 18:05:26,611 : Adding job tentatively -- it will be properly scheduled when the scheduler starts
2019-08-17 18:05:26,611 : Adding job tentatively -- it will be properly scheduled when the scheduler starts
2019-08-17 18:05:26,689 : Added job "MyMainWindow.startexe" to job store "default"
2019-08-17 18:05:26,689 : Added job "MyMainWindow.startexe" to job store "default"
2019-08-17 18:05:26,689 : Added job "MyMainWindow.startexe" to job store "default"
2019-08-17 18:05:26,689 : Scheduler started
2019-11-18 17:47:27,121 : Adding job tentatively -- it will be properly scheduled when the scheduler starts
2019-11-18 17:47:27,121 : Adding job tentatively -- it will be properly scheduled when the scheduler starts
2019-11-18 17:47:27,122 : Adding job tentatively -- it will be properly scheduled when the scheduler starts
2019-11-18 17:47:27,157 : Added job "MyMainWindow.startexe" to job store "default"
2019-11-18 17:47:27,157 : Added job "MyMainWindow.startexe" to job store "default"
2019-11-18 17:47:27,158 : Added job "MyMainWindow.startexe" to job store "default"
2019-11-18 17:47:27,158 : Scheduler started
2019-11-18 17:47:58,862 : Scheduler has been shut down
